mode: set
github.com/cfabrica46/gokit-crud/database-app/service/service.go:25.38,27.2 1 1
github.com/cfabrica46/gokit-crud/database-app/service/service.go:30.58,32.16 2 1
github.com/cfabrica46/gokit-crud/database-app/service/service.go:36.2,36.18 1 1
github.com/cfabrica46/gokit-crud/database-app/service/service.go:41.2,41.8 1 1
github.com/cfabrica46/gokit-crud/database-app/service/service.go:32.16,34.3 1 1
github.com/cfabrica46/gokit-crud/database-app/service/service.go:36.18,40.3 3 1
github.com/cfabrica46/gokit-crud/database-app/service/service.go:45.61,50.16 4 1
github.com/cfabrica46/gokit-crud/database-app/service/service.go:56.2,57.8 2 1
github.com/cfabrica46/gokit-crud/database-app/service/service.go:50.16,51.27 1 1
github.com/cfabrica46/gokit-crud/database-app/service/service.go:54.3,54.9 1 1
github.com/cfabrica46/gokit-crud/database-app/service/service.go:51.27,53.4 1 1
github.com/cfabrica46/gokit-crud/database-app/service/service.go:61.97,67.16 4 1
github.com/cfabrica46/gokit-crud/database-app/service/service.go:73.2,74.8 2 1
github.com/cfabrica46/gokit-crud/database-app/service/service.go:67.16,68.27 1 1
github.com/cfabrica46/gokit-crud/database-app/service/service.go:71.3,71.9 1 1
github.com/cfabrica46/gokit-crud/database-app/service/service.go:68.27,70.4 1 1
github.com/cfabrica46/gokit-crud/database-app/service/service.go:78.71,82.16 3 1
github.com/cfabrica46/gokit-crud/database-app/service/service.go:88.2,88.8 1 1
github.com/cfabrica46/gokit-crud/database-app/service/service.go:82.16,83.27 1 1
github.com/cfabrica46/gokit-crud/database-app/service/service.go:86.3,86.9 1 1
github.com/cfabrica46/gokit-crud/database-app/service/service.go:83.27,85.4 1 1
github.com/cfabrica46/gokit-crud/database-app/service/service.go:92.76,94.16 2 1
github.com/cfabrica46/gokit-crud/database-app/service/service.go:98.2,99.16 2 1
github.com/cfabrica46/gokit-crud/database-app/service/service.go:102.2,102.8 1 1
github.com/cfabrica46/gokit-crud/database-app/service/service.go:94.16,96.3 1 1
github.com/cfabrica46/gokit-crud/database-app/service/service.go:99.16,101.3 1 0
github.com/cfabrica46/gokit-crud/database-app/service/service.go:106.68,108.16 2 1
github.com/cfabrica46/gokit-crud/database-app/service/service.go:112.2,115.8 4 1
github.com/cfabrica46/gokit-crud/database-app/service/service.go:108.16,110.3 1 1
github.com/cfabrica46/gokit-crud/database-app/service/transport.go:10.88,13.2 2 1
github.com/cfabrica46/gokit-crud/database-app/service/transport.go:16.88,18.65 2 1
github.com/cfabrica46/gokit-crud/database-app/service/transport.go:21.2,21.21 1 1
github.com/cfabrica46/gokit-crud/database-app/service/transport.go:18.65,20.3 1 1
github.com/cfabrica46/gokit-crud/database-app/service/transport.go:25.105,27.65 2 1
github.com/cfabrica46/gokit-crud/database-app/service/transport.go:30.2,30.21 1 1
github.com/cfabrica46/gokit-crud/database-app/service/transport.go:27.65,29.3 1 1
github.com/cfabrica46/gokit-crud/database-app/service/transport.go:34.92,36.65 2 1
github.com/cfabrica46/gokit-crud/database-app/service/transport.go:39.2,39.21 1 1
github.com/cfabrica46/gokit-crud/database-app/service/transport.go:36.65,38.3 1 1
github.com/cfabrica46/gokit-crud/database-app/service/transport.go:43.87,45.65 2 1
github.com/cfabrica46/gokit-crud/database-app/service/transport.go:48.2,48.21 1 1
github.com/cfabrica46/gokit-crud/database-app/service/transport.go:45.65,47.3 1 1
github.com/cfabrica46/gokit-crud/database-app/service/transport.go:52.87,54.65 2 1
github.com/cfabrica46/gokit-crud/database-app/service/transport.go:57.2,57.21 1 1
github.com/cfabrica46/gokit-crud/database-app/service/transport.go:54.65,56.3 1 1
github.com/cfabrica46/gokit-crud/database-app/service/transport.go:61.91,63.2 1 1
github.com/cfabrica46/gokit-crud/database-app/service/endpoints.go:10.70,11.69 1 1
github.com/cfabrica46/gokit-crud/database-app/service/endpoints.go:11.69,13.17 2 1
github.com/cfabrica46/gokit-crud/database-app/service/endpoints.go:16.3,16.45 1 1
github.com/cfabrica46/gokit-crud/database-app/service/endpoints.go:13.17,15.4 1 1
github.com/cfabrica46/gokit-crud/database-app/service/endpoints.go:21.70,22.75 1 1
github.com/cfabrica46/gokit-crud/database-app/service/endpoints.go:22.75,25.17 3 1
github.com/cfabrica46/gokit-crud/database-app/service/endpoints.go:28.3,28.44 1 1
github.com/cfabrica46/gokit-crud/database-app/service/endpoints.go:25.17,27.4 1 1
github.com/cfabrica46/gokit-crud/database-app/service/endpoints.go:33.87,34.75 1 1
github.com/cfabrica46/gokit-crud/database-app/service/endpoints.go:34.75,37.17 3 1
github.com/cfabrica46/gokit-crud/database-app/service/endpoints.go:40.3,40.61 1 1
github.com/cfabrica46/gokit-crud/database-app/service/endpoints.go:37.17,39.4 1 1
github.com/cfabrica46/gokit-crud/database-app/service/endpoints.go:45.74,46.75 1 1
github.com/cfabrica46/gokit-crud/database-app/service/endpoints.go:46.75,49.17 3 1
github.com/cfabrica46/gokit-crud/database-app/service/endpoints.go:52.3,52.46 1 1
github.com/cfabrica46/gokit-crud/database-app/service/endpoints.go:49.17,51.4 1 1
github.com/cfabrica46/gokit-crud/database-app/service/endpoints.go:57.69,58.75 1 1
github.com/cfabrica46/gokit-crud/database-app/service/endpoints.go:58.75,61.17 3 1
github.com/cfabrica46/gokit-crud/database-app/service/endpoints.go:64.3,64.37 1 1
github.com/cfabrica46/gokit-crud/database-app/service/endpoints.go:61.17,63.4 1 1
github.com/cfabrica46/gokit-crud/database-app/service/endpoints.go:69.69,70.75 1 1
github.com/cfabrica46/gokit-crud/database-app/service/endpoints.go:70.75,73.17 3 1
github.com/cfabrica46/gokit-crud/database-app/service/endpoints.go:76.3,76.51 1 1
github.com/cfabrica46/gokit-crud/database-app/service/endpoints.go:73.17,75.4 1 1
