mode: set
github.com/cfabrica46/gokit-crud/token-app/service/endpoints.go:15.72,16.75 1 1
github.com/cfabrica46/gokit-crud/token-app/service/endpoints.go:16.75,20.3 3 1
github.com/cfabrica46/gokit-crud/token-app/service/endpoints.go:23.71,24.75 1 1
github.com/cfabrica46/gokit-crud/token-app/service/endpoints.go:24.75,27.17 3 1
github.com/cfabrica46/gokit-crud/token-app/service/endpoints.go:30.3,30.60 1 1
github.com/cfabrica46/gokit-crud/token-app/service/endpoints.go:27.17,29.4 1 1
github.com/cfabrica46/gokit-crud/token-app/service/endpoints.go:34.67,35.75 1 1
github.com/cfabrica46/gokit-crud/token-app/service/endpoints.go:35.75,38.17 3 1
github.com/cfabrica46/gokit-crud/token-app/service/endpoints.go:41.3,41.35 1 1
github.com/cfabrica46/gokit-crud/token-app/service/endpoints.go:38.17,40.4 1 1
github.com/cfabrica46/gokit-crud/token-app/service/endpoints.go:45.70,46.75 1 1
github.com/cfabrica46/gokit-crud/token-app/service/endpoints.go:46.75,49.17 3 1
github.com/cfabrica46/gokit-crud/token-app/service/endpoints.go:52.3,52.38 1 1
github.com/cfabrica46/gokit-crud/token-app/service/endpoints.go:49.17,51.4 1 1
github.com/cfabrica46/gokit-crud/token-app/service/endpoints.go:56.69,57.75 1 1
github.com/cfabrica46/gokit-crud/token-app/service/endpoints.go:57.75,60.17 3 1
github.com/cfabrica46/gokit-crud/token-app/service/endpoints.go:63.3,63.44 1 1
github.com/cfabrica46/gokit-crud/token-app/service/endpoints.go:60.17,62.4 1 1
github.com/cfabrica46/gokit-crud/token-app/service/service.go:29.45,31.2 1 1
github.com/cfabrica46/gokit-crud/token-app/service/service.go:33.40,34.19 1 1
github.com/cfabrica46/gokit-crud/token-app/service/service.go:42.2,42.8 1 1
github.com/cfabrica46/gokit-crud/token-app/service/service.go:34.19,41.3 2 1
github.com/cfabrica46/gokit-crud/token-app/service/service.go:45.92,55.2 3 1
github.com/cfabrica46/gokit-crud/token-app/service/service.go:57.104,59.16 2 1
github.com/cfabrica46/gokit-crud/token-app/service/service.go:63.2,68.8 6 1
github.com/cfabrica46/gokit-crud/token-app/service/service.go:59.16,61.3 1 1
github.com/cfabrica46/gokit-crud/token-app/service/service.go:71.54,73.16 2 1
github.com/cfabrica46/gokit-crud/token-app/service/service.go:76.2,76.8 1 1
github.com/cfabrica46/gokit-crud/token-app/service/service.go:73.16,75.3 1 1
github.com/cfabrica46/gokit-crud/token-app/service/service.go:79.51,81.2 1 1
github.com/cfabrica46/gokit-crud/token-app/service/service.go:83.67,85.16 2 1
github.com/cfabrica46/gokit-crud/token-app/service/service.go:93.2,93.19 1 1
github.com/cfabrica46/gokit-crud/token-app/service/service.go:96.2,96.8 1 1
github.com/cfabrica46/gokit-crud/token-app/service/service.go:85.16,86.39 1 1
github.com/cfabrica46/gokit-crud/token-app/service/service.go:90.3,90.9 1 1
github.com/cfabrica46/gokit-crud/token-app/service/service.go:86.39,89.4 2 1
github.com/cfabrica46/gokit-crud/token-app/service/service.go:93.19,95.3 1 1
github.com/cfabrica46/gokit-crud/token-app/service/service.go:99.73,100.53 1 1
github.com/cfabrica46/gokit-crud/token-app/service/service.go:100.53,101.58 1 1
github.com/cfabrica46/gokit-crud/token-app/service/service.go:105.3,105.21 1 1
github.com/cfabrica46/gokit-crud/token-app/service/service.go:101.58,103.4 1 1
github.com/cfabrica46/gokit-crud/token-app/service/transport.go:9.90,11.65 2 1
github.com/cfabrica46/gokit-crud/token-app/service/transport.go:14.2,14.21 1 1
github.com/cfabrica46/gokit-crud/token-app/service/transport.go:11.65,13.3 1 1
github.com/cfabrica46/gokit-crud/token-app/service/transport.go:17.89,19.65 2 1
github.com/cfabrica46/gokit-crud/token-app/service/transport.go:22.2,22.21 1 1
github.com/cfabrica46/gokit-crud/token-app/service/transport.go:19.65,21.3 1 1
github.com/cfabrica46/gokit-crud/token-app/service/transport.go:25.85,27.65 2 1
github.com/cfabrica46/gokit-crud/token-app/service/transport.go:30.2,30.21 1 1
github.com/cfabrica46/gokit-crud/token-app/service/transport.go:27.65,29.3 1 1
github.com/cfabrica46/gokit-crud/token-app/service/transport.go:33.88,35.65 2 1
github.com/cfabrica46/gokit-crud/token-app/service/transport.go:38.2,38.21 1 1
github.com/cfabrica46/gokit-crud/token-app/service/transport.go:35.65,37.3 1 1
github.com/cfabrica46/gokit-crud/token-app/service/transport.go:41.87,43.65 2 1
github.com/cfabrica46/gokit-crud/token-app/service/transport.go:46.2,46.21 1 1
github.com/cfabrica46/gokit-crud/token-app/service/transport.go:43.65,45.3 1 1
github.com/cfabrica46/gokit-crud/token-app/service/transport.go:49.91,51.2 1 1
